<?xml version="1.0" encoding="UTF-8"?>
<!-- Generated by org.testng.reporters.JUnitReportReporter -->
<testsuite hostname="Home-PC" name="Testcase.UI" tests="1" failures="0" timestamp="9 Feb 2020 04:42:18 GMT" time="516.543" errors="0">
  <testcase name="Login" time="516.543" classname="Testcase.UI"/>
</testsuite> <!-- Testcase.UI -->
